0 info it worked if it ends with ok
1 verbose cli [ 'E:\\soft_files\\nodejs\\\\node.exe',
1 verbose cli   'E:\\soft_files\\nodejs\\node_modules\\npm\\bin\\npm-cli.js',
1 verbose cli   'install' ]
2 info using npm@1.4.28
3 info using node@v0.10.32
4 verbose node symlink E:\soft_files\nodejs\\node.exe
5 verbose readDependencies using package.json deps
6 verbose install where, deps [ 'E:\\nodejs_studio\\nodexyz',
6 verbose install   [ 'body-parser',
6 verbose install     'cookie-parser',
6 verbose install     'debug',
6 verbose install     'ejs',
6 verbose install     'express',
6 verbose install     'morgan',
6 verbose install     'serve-favicon',
6 verbose install     'websocket-server' ] ]
7 info preinstall nodexyz@1.0.0
8 verbose readDependencies using package.json deps
9 verbose already installed skipping body-parser@~1.13.2 E:\nodejs_studio\nodexyz
10 verbose already installed skipping cookie-parser@~1.3.5 E:\nodejs_studio\nodexyz
11 verbose already installed skipping debug@~2.2.0 E:\nodejs_studio\nodexyz
12 verbose already installed skipping ejs@~2.3.3 E:\nodejs_studio\nodexyz
13 verbose already installed skipping express@~4.13.1 E:\nodejs_studio\nodexyz
14 verbose already installed skipping morgan@~1.6.1 E:\nodejs_studio\nodexyz
15 verbose already installed skipping serve-favicon@~2.3.0 E:\nodejs_studio\nodexyz
16 verbose cache add [ 'websocket-server@*', null ]
17 verbose cache add name=undefined spec="websocket-server@*" args=["websocket-server@*",null]
18 verbose parsed url { protocol: null,
18 verbose parsed url   slashes: null,
18 verbose parsed url   auth: null,
18 verbose parsed url   host: null,
18 verbose parsed url   port: null,
18 verbose parsed url   hostname: null,
18 verbose parsed url   hash: null,
18 verbose parsed url   search: null,
18 verbose parsed url   query: null,
18 verbose parsed url   pathname: 'websocket-server@*',
18 verbose parsed url   path: 'websocket-server@*',
18 verbose parsed url   href: 'websocket-server@*' }
19 verbose cache add name="websocket-server" spec="*" args=["websocket-server","*"]
20 verbose parsed url { protocol: null,
20 verbose parsed url   slashes: null,
20 verbose parsed url   auth: null,
20 verbose parsed url   host: null,
20 verbose parsed url   port: null,
20 verbose parsed url   hostname: null,
20 verbose parsed url   hash: null,
20 verbose parsed url   search: null,
20 verbose parsed url   query: null,
20 verbose parsed url   pathname: '*',
20 verbose parsed url   path: '*',
20 verbose parsed url   href: '*' }
21 verbose addNamed [ 'websocket-server', '*' ]
22 verbose addNamed [ null, '*' ]
23 silly lockFile e036679a-websocket-server websocket-server@*
24 verbose lock websocket-server@* C:\Users\Carmel\AppData\Roaming\npm-cache\e036679a-websocket-server.lock
25 silly addNameRange { name: 'websocket-server', range: '*', hasData: false }
26 verbose request where is /websocket-server
27 verbose request registry https://registry.npmjs.org/
28 verbose request id 00ad7a8a473ace0e
29 verbose url raw /websocket-server
30 verbose url resolving [ 'https://registry.npmjs.org/', './websocket-server' ]
31 verbose url resolved https://registry.npmjs.org/websocket-server
32 verbose request where is https://registry.npmjs.org/websocket-server
33 info trying registry request attempt 1 at 14:01:25
34 http GET https://registry.npmjs.org/websocket-server
35 http 404 https://registry.npmjs.org/websocket-server
36 silly registry.get cb [ 404,
36 silly registry.get   { server: 'CouchDB/1.5.0 (Erlang OTP/R16B03)',
36 silly registry.get     etag: '"F381D8VP24EBC298S1SXDCCP9"',
36 silly registry.get     'content-type': 'application/json',
36 silly registry.get     'cache-control': 'max-age=0',
36 silly registry.get     'content-length': '1689',
36 silly registry.get     'accept-ranges': 'bytes',
36 silly registry.get     date: 'Wed, 23 Mar 2016 06:02:50 GMT',
36 silly registry.get     via: '1.1 varnish',
36 silly registry.get     age: '0',
36 silly registry.get     connection: 'keep-alive',
36 silly registry.get     'x-served-by': 'cache-nrt6120-NRT',
36 silly registry.get     'x-cache': 'MISS',
36 silly registry.get     'x-cache-hits': '0',
36 silly registry.get     'x-timer': 'S1458712970.279858,VS0,VE558',
36 silly registry.get     vary: 'Accept' } ]
37 silly lockFile e036679a-websocket-server websocket-server@*
38 silly lockFile e036679a-websocket-server websocket-server@*
39 error 404 Not Found
39 error 404
39 error 404 'websocket-server' is not in the npm registry.
39 error 404 You should bug the author to publish it
39 error 404 It was specified as a dependency of 'nodexyz'
39 error 404
39 error 404 Note that you can also install from a
39 error 404 tarball, folder, or http url, or git url.
40 error System Windows_NT 6.1.7601
41 error command "E:\\soft_files\\nodejs\\\\node.exe" "E:\\soft_files\\nodejs\\node_modules\\npm\\bin\\npm-cli.js" "install"
42 error cwd E:\nodejs_studio\nodexyz
43 error node -v v0.10.32
44 error npm -v 1.4.28
45 error code E404
46 verbose exit [ 1, true ]
